Determining if the function alloca exists failed with the following output:
Change Dir: /home/gmbandeira3/opencv/opencv-2.4.6.1/platforms/linux/build_hardfp/CMakeFiles/CMakeTmp

Run Build Command:/usr/bin/make "cmTryCompileExec/fast"
/usr/bin/make -f CMakeFiles/cmTryCompileExec.dir/build.make CMakeFiles/cmTryCompileExec.dir/build
make[1]: Entering directory `/home/gmbandeira3/opencv/opencv-2.4.6.1/platforms/linux/build_hardfp/CMakeFiles/CMakeTmp'
/usr/bin/cmake -E cmake_progress_report /home/gmbandeira3/opencv/opencv-2.4.6.1/platforms/linux/build_hardfp/CMakeFiles/CMakeTmp/CMakeFiles 1
Building C object CMakeFiles/cmTryCompileExec.dir/CheckFunctionExists.c.o
/usr/bin/arm-linux-gnueabihf-gcc-4.6   -fsigned-char -W -Wall -Werror=return-type -Werror=address -Werror=sequence-point -Wformat -Werror=format-security -Wmissing-declarations -Wmissing-prototypes -Wstrict-prototypes -Wundef -Winit-self -Wpointer-arith -Wshadow -fdiagnostics-show-option -pthread -fomit-frame-pointer -ffunction-sections  -DCHECK_FUNCTION_EXISTS=alloca -O3 -DNDEBUG   -o CMakeFiles/cmTryCompileExec.dir/CheckFunctionExists.c.o   -c /usr/share/cmake-2.8/Modules/CheckFunctionExists.c
/usr/share/cmake-2.8/Modules/CheckFunctionExists.c:3:1: warning: function declaration isn’t a prototype [-Wstrict-prototypes]
/usr/share/cmake-2.8/Modules/CheckFunctionExists.c:3:6: warning: conflicting types for built-in function ‘alloca’ [enabled by default]
Linking C executable cmTryCompileExec
/usr/bin/cmake -E cmake_link_script CMakeFiles/cmTryCompileExec.dir/link.txt --verbose=1
/usr/bin/arm-linux-gnueabihf-gcc-4.6      -fsigned-char -W -Wall -Werror=return-type -Werror=address -Werror=sequence-point -Wformat -Werror=format-security -Wmissing-declarations -Wmissing-prototypes -Wstrict-prototypes -Wundef -Winit-self -Wpointer-arith -Wshadow -fdiagnostics-show-option -pthread -fomit-frame-pointer -ffunction-sections  -DCHECK_FUNCTION_EXISTS=alloca -O3 -DNDEBUG    CMakeFiles/cmTryCompileExec.dir/CheckFunctionExists.c.o  -o cmTryCompileExec -rdynamic 
CMakeFiles/cmTryCompileExec.dir/CheckFunctionExists.c.o: In function `main':
CheckFunctionExists.c:(.text.startup.main+0x10): undefined reference to `alloca'
collect2: ld returned 1 exit status
make[1]: Leaving directory `/home/gmbandeira3/opencv/opencv-2.4.6.1/platforms/linux/build_hardfp/CMakeFiles/CMakeTmp'
make[1]: *** [cmTryCompileExec] Error 1
make: *** [cmTryCompileExec/fast] Error 2


Determining size of off64_t failed with the following output:
Change Dir: /home/gmbandeira3/opencv/opencv-2.4.6.1/platforms/linux/build_hardfp/CMakeFiles/CMakeTmp

Run Build Command:/usr/bin/make "cmTryCompileExec/fast"
/usr/bin/make -f CMakeFiles/cmTryCompileExec.dir/build.make CMakeFiles/cmTryCompileExec.dir/build
make[1]: Entering directory `/home/gmbandeira3/opencv/opencv-2.4.6.1/platforms/linux/build_hardfp/CMakeFiles/CMakeTmp'
/usr/bin/cmake -E cmake_progress_report /home/gmbandeira3/opencv/opencv-2.4.6.1/platforms/linux/build_hardfp/CMakeFiles/CMakeTmp/CMakeFiles 1
Building C object CMakeFiles/cmTryCompileExec.dir/OFF64_T.c.o
/usr/bin/arm-linux-gnueabihf-gcc-4.6   -fsigned-char -W -Wall -Werror=return-type -Werror=address -Werror=sequence-point -Wformat -Werror=format-security -Wmissing-declarations -Wmissing-prototypes -Wstrict-prototypes -Wundef -Winit-self -Wpointer-arith -Wshadow -fdiagnostics-show-option -pthread -fomit-frame-pointer -ffunction-sections   -O3 -DNDEBUG   -o CMakeFiles/cmTryCompileExec.dir/OFF64_T.c.o   -c /home/gmbandeira3/opencv/opencv-2.4.6.1/platforms/linux/build_hardfp/CMakeFiles/CheckTypeSize/OFF64_T.c
/home/gmbandeira3/opencv/opencv-2.4.6.1/platforms/linux/build_hardfp/CMakeFiles/CheckTypeSize/OFF64_T.c:19:12: error: ‘off64_t’ undeclared here (not in a function)
make[1]: Leaving directory `/home/gmbandeira3/opencv/opencv-2.4.6.1/platforms/linux/build_hardfp/CMakeFiles/CMakeTmp'
make[1]: *** [CMakeFiles/cmTryCompileExec.dir/OFF64_T.c.o] Error 1
make: *** [cmTryCompileExec/fast] Error 2

/home/gmbandeira3/opencv/opencv-2.4.6.1/platforms/linux/build_hardfp/CMakeFiles/CheckTypeSize/OFF64_T.c:
#include <sys/types.h>
#include <stdint.h>
#include <stddef.h>


#undef KEY
#if defined(__i386)
# define KEY '_','_','i','3','8','6'
#elif defined(__x86_64)
# define KEY '_','_','x','8','6','_','6','4'
#elif defined(__ppc__)
# define KEY '_','_','p','p','c','_','_'
#elif defined(__ppc64__)
# define KEY '_','_','p','p','c','6','4','_','_'
#endif

#define SIZE (sizeof(off64_t))
char info_size[] =  {'I', 'N', 'F', 'O', ':', 's','i','z','e','[',
  ('0' + ((SIZE / 10000)%10)),
  ('0' + ((SIZE / 1000)%10)),
  ('0' + ((SIZE / 100)%10)),
  ('0' + ((SIZE / 10)%10)),
  ('0' +  (SIZE    % 10)),
  ']',
#ifdef KEY
  ' ','k','e','y','[', KEY, ']',
#endif
  '\0'};

#ifdef __CLASSIC_C__
int main(argc, argv) int argc; char *argv[];
#else
int main(int argc, char *argv[])
#endif
{
  int require = 0;
  require += info_size[argc];
  (void)argv;
  return require;
}


Determining if the include file io.h exists failed with the following output:
Change Dir: /home/gmbandeira3/opencv/opencv-2.4.6.1/platforms/linux/build_hardfp/CMakeFiles/CMakeTmp

Run Build Command:/usr/bin/make "cmTryCompileExec/fast"
/usr/bin/make -f CMakeFiles/cmTryCompileExec.dir/build.make CMakeFiles/cmTryCompileExec.dir/build
make[1]: Entering directory `/home/gmbandeira3/opencv/opencv-2.4.6.1/platforms/linux/build_hardfp/CMakeFiles/CMakeTmp'
/usr/bin/cmake -E cmake_progress_report /home/gmbandeira3/opencv/opencv-2.4.6.1/platforms/linux/build_hardfp/CMakeFiles/CMakeTmp/CMakeFiles 1
Building C object CMakeFiles/cmTryCompileExec.dir/CheckIncludeFile.c.o
/usr/bin/arm-linux-gnueabihf-gcc-4.6   -fsigned-char -W -Wall -Werror=return-type -Werror=address -Werror=sequence-point -Wformat -Werror=format-security -Wmissing-declarations -Wmissing-prototypes -Wstrict-prototypes -Wundef -Winit-self -Wpointer-arith -Wshadow -fdiagnostics-show-option -pthread -fomit-frame-pointer -ffunction-sections   -O3 -DNDEBUG   -o CMakeFiles/cmTryCompileExec.dir/CheckIncludeFile.c.o   -c /home/gmbandeira3/opencv/opencv-2.4.6.1/platforms/linux/build_hardfp/CMakeFiles/CMakeTmp/CheckIncludeFile.c
/home/gmbandeira3/opencv/opencv-2.4.6.1/platforms/linux/build_hardfp/CMakeFiles/CMakeTmp/CheckIncludeFile.c:1:16: fatal error: io.h: No such file or directory
compilation terminated.
make[1]: Leaving directory `/home/gmbandeira3/opencv/opencv-2.4.6.1/platforms/linux/build_hardfp/CMakeFiles/CMakeTmp'
make[1]: *** [CMakeFiles/cmTryCompileExec.dir/CheckIncludeFile.c.o] Error 1
make: *** [cmTryCompileExec/fast] Error 2


Determining if the function jbg_newlen exists failed with the following output:
Change Dir: /home/gmbandeira3/opencv/opencv-2.4.6.1/platforms/linux/build_hardfp/CMakeFiles/CMakeTmp

Run Build Command:/usr/bin/make "cmTryCompileExec/fast"
/usr/bin/make -f CMakeFiles/cmTryCompileExec.dir/build.make CMakeFiles/cmTryCompileExec.dir/build
make[1]: Entering directory `/home/gmbandeira3/opencv/opencv-2.4.6.1/platforms/linux/build_hardfp/CMakeFiles/CMakeTmp'
/usr/bin/cmake -E cmake_progress_report /home/gmbandeira3/opencv/opencv-2.4.6.1/platforms/linux/build_hardfp/CMakeFiles/CMakeTmp/CMakeFiles 1
Building C object CMakeFiles/cmTryCompileExec.dir/CheckFunctionExists.c.o
/usr/bin/arm-linux-gnueabihf-gcc-4.6   -fsigned-char -W -Wall -Werror=return-type -Werror=address -Werror=sequence-point -Wformat -Werror=format-security -Wmissing-declarations -Wmissing-prototypes -Wstrict-prototypes -Wundef -Winit-self -Wpointer-arith -Wshadow -fdiagnostics-show-option -pthread -fomit-frame-pointer -ffunction-sections  -DCHECK_FUNCTION_EXISTS=jbg_newlen -O3 -DNDEBUG   -o CMakeFiles/cmTryCompileExec.dir/CheckFunctionExists.c.o   -c /usr/share/cmake-2.8/Modules/CheckFunctionExists.c
/usr/share/cmake-2.8/Modules/CheckFunctionExists.c:3:1: warning: function declaration isn’t a prototype [-Wstrict-prototypes]
Linking C executable cmTryCompileExec
/usr/bin/cmake -E cmake_link_script CMakeFiles/cmTryCompileExec.dir/link.txt --verbose=1
/usr/bin/arm-linux-gnueabihf-gcc-4.6      -fsigned-char -W -Wall -Werror=return-type -Werror=address -Werror=sequence-point -Wformat -Werror=format-security -Wmissing-declarations -Wmissing-prototypes -Wstrict-prototypes -Wundef -Winit-self -Wpointer-arith -Wshadow -fdiagnostics-show-option -pthread -fomit-frame-pointer -ffunction-sections  -DCHECK_FUNCTION_EXISTS=jbg_newlen -O3 -DNDEBUG    CMakeFiles/cmTryCompileExec.dir/CheckFunctionExists.c.o  -o cmTryCompileExec -rdynamic 
CMakeFiles/cmTryCompileExec.dir/CheckFunctionExists.c.o: In function `main':
CheckFunctionExists.c:(.text.startup.main+0x6): undefined reference to `jbg_newlen'
collect2: ld returned 1 exit status
make[1]: Leaving directory `/home/gmbandeira3/opencv/opencv-2.4.6.1/platforms/linux/build_hardfp/CMakeFiles/CMakeTmp'
make[1]: *** [cmTryCompileExec] Error 1
make: *** [cmTryCompileExec/fast] Error 2


Determining if the include file sys/videoio.h exists failed with the following output:
Change Dir: /home/gmbandeira3/opencv/opencv-2.4.6.1/platforms/linux/build_hardfp/CMakeFiles/CMakeTmp

Run Build Command:/usr/bin/make "cmTryCompileExec/fast"
/usr/bin/make -f CMakeFiles/cmTryCompileExec.dir/build.make CMakeFiles/cmTryCompileExec.dir/build
make[1]: Entering directory `/home/gmbandeira3/opencv/opencv-2.4.6.1/platforms/linux/build_hardfp/CMakeFiles/CMakeTmp'
/usr/bin/cmake -E cmake_progress_report /home/gmbandeira3/opencv/opencv-2.4.6.1/platforms/linux/build_hardfp/CMakeFiles/CMakeTmp/CMakeFiles 1
Building C object CMakeFiles/cmTryCompileExec.dir/CheckIncludeFile.c.o
/usr/bin/arm-linux-gnueabihf-gcc-4.6   -fsigned-char -W -Wall -Werror=return-type -Werror=address -Werror=sequence-point -Wformat -Werror=format-security -Wmissing-declarations -Wmissing-prototypes -Wstrict-prototypes -Wundef -Winit-self -Wpointer-arith -Wshadow -fdiagnostics-show-option -pthread -fomit-frame-pointer -ffunction-sections   -O3 -DNDEBUG   -o CMakeFiles/cmTryCompileExec.dir/CheckIncludeFile.c.o   -c /home/gmbandeira3/opencv/opencv-2.4.6.1/platforms/linux/build_hardfp/CMakeFiles/CMakeTmp/CheckIncludeFile.c
/home/gmbandeira3/opencv/opencv-2.4.6.1/platforms/linux/build_hardfp/CMakeFiles/CMakeTmp/CheckIncludeFile.c:1:25: fatal error: sys/videoio.h: No such file or directory
compilation terminated.
make[1]: Leaving directory `/home/gmbandeira3/opencv/opencv-2.4.6.1/platforms/linux/build_hardfp/CMakeFiles/CMakeTmp'
make[1]: *** [CMakeFiles/cmTryCompileExec.dir/CheckIncludeFile.c.o] Error 1
make: *** [cmTryCompileExec/fast] Error 2


Determining if the include file libavformat/avformat.h exists failed with the following output:
Change Dir: /home/gmbandeira3/opencv/opencv-2.4.6.1/platforms/linux/build_hardfp/CMakeFiles/CMakeTmp

Run Build Command:/usr/bin/make "cmTryCompileExec/fast"
/usr/bin/make -f CMakeFiles/cmTryCompileExec.dir/build.make CMakeFiles/cmTryCompileExec.dir/build
make[1]: Entering directory `/home/gmbandeira3/opencv/opencv-2.4.6.1/platforms/linux/build_hardfp/CMakeFiles/CMakeTmp'
/usr/bin/cmake -E cmake_progress_report /home/gmbandeira3/opencv/opencv-2.4.6.1/platforms/linux/build_hardfp/CMakeFiles/CMakeTmp/CMakeFiles 1
Building C object CMakeFiles/cmTryCompileExec.dir/CheckIncludeFile.c.o
/usr/bin/arm-linux-gnueabihf-gcc-4.6   -fsigned-char -W -Wall -Werror=return-type -Werror=address -Werror=sequence-point -Wformat -Werror=format-security -Wmissing-declarations -Wmissing-prototypes -Wstrict-prototypes -Wundef -Winit-self -Wpointer-arith -Wshadow -fdiagnostics-show-option -pthread -fomit-frame-pointer -ffunction-sections   -O3 -DNDEBUG   -o CMakeFiles/cmTryCompileExec.dir/CheckIncludeFile.c.o   -c /home/gmbandeira3/opencv/opencv-2.4.6.1/platforms/linux/build_hardfp/CMakeFiles/CMakeTmp/CheckIncludeFile.c
/home/gmbandeira3/opencv/opencv-2.4.6.1/platforms/linux/build_hardfp/CMakeFiles/CMakeTmp/CheckIncludeFile.c:1:34: fatal error: libavformat/avformat.h: No such file or directory
compilation terminated.
make[1]: Leaving directory `/home/gmbandeira3/opencv/opencv-2.4.6.1/platforms/linux/build_hardfp/CMakeFiles/CMakeTmp'
make[1]: *** [CMakeFiles/cmTryCompileExec.dir/CheckIncludeFile.c.o] Error 1
make: *** [cmTryCompileExec/fast] Error 2


Determining if the include file ffmpeg/avformat.h exists failed with the following output:
Change Dir: /home/gmbandeira3/opencv/opencv-2.4.6.1/platforms/linux/build_hardfp/CMakeFiles/CMakeTmp

Run Build Command:/usr/bin/make "cmTryCompileExec/fast"
/usr/bin/make -f CMakeFiles/cmTryCompileExec.dir/build.make CMakeFiles/cmTryCompileExec.dir/build
make[1]: Entering directory `/home/gmbandeira3/opencv/opencv-2.4.6.1/platforms/linux/build_hardfp/CMakeFiles/CMakeTmp'
/usr/bin/cmake -E cmake_progress_report /home/gmbandeira3/opencv/opencv-2.4.6.1/platforms/linux/build_hardfp/CMakeFiles/CMakeTmp/CMakeFiles 1
Building C object CMakeFiles/cmTryCompileExec.dir/CheckIncludeFile.c.o
/usr/bin/arm-linux-gnueabihf-gcc-4.6   -fsigned-char -W -Wall -Werror=return-type -Werror=address -Werror=sequence-point -Wformat -Werror=format-security -Wmissing-declarations -Wmissing-prototypes -Wstrict-prototypes -Wundef -Winit-self -Wpointer-arith -Wshadow -fdiagnostics-show-option -pthread -fomit-frame-pointer -ffunction-sections   -O3 -DNDEBUG   -o CMakeFiles/cmTryCompileExec.dir/CheckIncludeFile.c.o   -c /home/gmbandeira3/opencv/opencv-2.4.6.1/platforms/linux/build_hardfp/CMakeFiles/CMakeTmp/CheckIncludeFile.c
/home/gmbandeira3/opencv/opencv-2.4.6.1/platforms/linux/build_hardfp/CMakeFiles/CMakeTmp/CheckIncludeFile.c:1:29: fatal error: ffmpeg/avformat.h: No such file or directory
compilation terminated.
make[1]: Leaving directory `/home/gmbandeira3/opencv/opencv-2.4.6.1/platforms/linux/build_hardfp/CMakeFiles/CMakeTmp'
make[1]: *** [CMakeFiles/cmTryCompileExec.dir/CheckIncludeFile.c.o] Error 1
make: *** [cmTryCompileExec/fast] Error 2


